12-19 01:14 parse        DEBUG    format u'I have pushed my card in the slot' -> u'I have pushed my card in the slot'
12-19 01:14 parse        DEBUG    format u'I enter my PIN {pin}' -> u'I enter my PIN (?P<pin>.+?)'
12-19 01:14 parse        DEBUG    format u'I press "OK"' -> u'I press "OK"'
12-19 01:14 parse        DEBUG    format u'I should see the main menu' -> u'I should see the main menu'
12-19 01:14 parse        DEBUG    format u'I have authenticate with correct pin {}' -> u'I have authenticate with correct pin (.+?)'
12-19 01:14 parse        DEBUG    format u'I fill the data users' -> u'I fill the data users'
12-19 01:14 parse        DEBUG    format u'I enter create user' -> u'I enter create user'
12-19 01:14 parse        DEBUG    format u'The user created' -> u'The user created'
12-19 01:14 parse        DEBUG    format u'we have behave installed' -> u'we have behave installed'
12-19 01:14 parse        DEBUG    format u'we implement a test' -> u'we implement a test'
12-19 01:14 parse        DEBUG    format u'behave will test it for us!' -> u'behave will test it for us\\!'
12-19 01:14 parse        DEBUG    format u'I create a new projet' -> u'I create a new projet'
12-19 01:14 parse        DEBUG    format u'I get the project created' -> u'I get the project created'
12-19 01:14 parse        DEBUG    format u'I edit the project' -> u'I edit the project'
12-19 01:14 parse        DEBUG    format u'Prject should be update' -> u'Prject should be update'
12-19 01:14 root         INFO     This is a test
12-19 01:19 parse        DEBUG    format u'I have pushed my card in the slot' -> u'I have pushed my card in the slot'
12-19 01:19 parse        DEBUG    format u'I enter my PIN {pin}' -> u'I enter my PIN (?P<pin>.+?)'
12-19 01:19 parse        DEBUG    format u'I press "OK"' -> u'I press "OK"'
12-19 01:19 parse        DEBUG    format u'I should see the main menu' -> u'I should see the main menu'
12-19 01:19 parse        DEBUG    format u'I have authenticate with correct pin {}' -> u'I have authenticate with correct pin (.+?)'
12-19 01:19 parse        DEBUG    format u'I fill the data users' -> u'I fill the data users'
12-19 01:19 parse        DEBUG    format u'I enter create user' -> u'I enter create user'
12-19 01:19 parse        DEBUG    format u'The user created' -> u'The user created'
12-19 01:19 parse        DEBUG    format u'we have behave installed' -> u'we have behave installed'
12-19 01:19 parse        DEBUG    format u'we implement a test' -> u'we implement a test'
12-19 01:19 parse        DEBUG    format u'behave will test it for us!' -> u'behave will test it for us\\!'
12-19 01:19 parse        DEBUG    format u'I create a new projet' -> u'I create a new projet'
12-19 01:19 parse        DEBUG    format u'I get the project created' -> u'I get the project created'
12-19 01:19 parse        DEBUG    format u'I edit the project' -> u'I edit the project'
12-19 01:19 parse        DEBUG    format u'Prject should be update' -> u'Prject should be update'
12-19 01:19 root         INFO     This is a test
12-19 01:22 parse        DEBUG    format u'I have pushed my card in the slot' -> u'I have pushed my card in the slot'
12-19 01:22 parse        DEBUG    format u'I enter my PIN {pin}' -> u'I enter my PIN (?P<pin>.+?)'
12-19 01:22 parse        DEBUG    format u'I press "OK"' -> u'I press "OK"'
12-19 01:22 parse        DEBUG    format u'I should see the main menu' -> u'I should see the main menu'
12-19 01:22 parse        DEBUG    format u'I have authenticate with correct pin {}' -> u'I have authenticate with correct pin (.+?)'
12-19 01:22 parse        DEBUG    format u'I fill the data users' -> u'I fill the data users'
12-19 01:22 parse        DEBUG    format u'I enter create user' -> u'I enter create user'
12-19 01:22 parse        DEBUG    format u'The user created' -> u'The user created'
12-19 01:22 parse        DEBUG    format u'we have behave installed' -> u'we have behave installed'
12-19 01:22 parse        DEBUG    format u'we implement a test' -> u'we implement a test'
12-19 01:22 parse        DEBUG    format u'behave will test it for us!' -> u'behave will test it for us\\!'
12-19 01:22 parse        DEBUG    format u'I create a new projet' -> u'I create a new projet'
12-19 01:22 parse        DEBUG    format u'I get the project created' -> u'I get the project created'
12-19 01:22 parse        DEBUG    format u'I edit the project' -> u'I edit the project'
12-19 01:22 parse        DEBUG    format u'Prject should be update' -> u'Prject should be update'
12-19 01:22 root         INFO     This is a test
12-19 01:40 parse        DEBUG    format u'I have pushed my card in the slot' -> u'I have pushed my card in the slot'
12-19 01:40 parse        DEBUG    format u'I enter my PIN {pin}' -> u'I enter my PIN (?P<pin>.+?)'
12-19 01:40 parse        DEBUG    format u'I press "OK"' -> u'I press "OK"'
12-19 01:40 parse        DEBUG    format u'I should see the main menu' -> u'I should see the main menu'
12-19 01:40 parse        DEBUG    format u'I have authenticate with correct pin {}' -> u'I have authenticate with correct pin (.+?)'
12-19 01:40 parse        DEBUG    format u'I fill the data users' -> u'I fill the data users'
12-19 01:40 parse        DEBUG    format u'I enter create user' -> u'I enter create user'
12-19 01:40 parse        DEBUG    format u'The user created' -> u'The user created'
12-19 01:40 parse        DEBUG    format u'we have behave installed' -> u'we have behave installed'
12-19 01:40 parse        DEBUG    format u'we implement a test' -> u'we implement a test'
12-19 01:40 parse        DEBUG    format u'behave will test it for us!' -> u'behave will test it for us\\!'
12-19 01:40 parse        DEBUG    format u'I create a new projet' -> u'I create a new projet'
12-19 01:40 parse        DEBUG    format u'I get the project created' -> u'I get the project created'
12-19 01:40 parse        DEBUG    format u'I edit the project' -> u'I edit the project'
12-19 01:40 parse        DEBUG    format u'Prject should be update' -> u'Prject should be update'
12-19 01:40 root         INFO     This is a test
12-19 01:42 parse        DEBUG    format u'I have pushed my card in the slot' -> u'I have pushed my card in the slot'
12-19 01:42 parse        DEBUG    format u'I enter my PIN {pin}' -> u'I enter my PIN (?P<pin>.+?)'
12-19 01:42 parse        DEBUG    format u'I press "OK"' -> u'I press "OK"'
12-19 01:42 parse        DEBUG    format u'I should see the main menu' -> u'I should see the main menu'
12-19 01:42 parse        DEBUG    format u'I have authenticate with correct pin {}' -> u'I have authenticate with correct pin (.+?)'
12-19 01:42 parse        DEBUG    format u'I fill the data users' -> u'I fill the data users'
12-19 01:42 parse        DEBUG    format u'I enter create user' -> u'I enter create user'
12-19 01:42 parse        DEBUG    format u'The user created' -> u'The user created'
12-19 01:42 parse        DEBUG    format u'we have behave installed' -> u'we have behave installed'
12-19 01:42 parse        DEBUG    format u'we implement a test' -> u'we implement a test'
12-19 01:42 parse        DEBUG    format u'behave will test it for us!' -> u'behave will test it for us\\!'
12-19 01:42 parse        DEBUG    format u'I create a new projet' -> u'I create a new projet'
12-19 01:42 parse        DEBUG    format u'I get the project created' -> u'I get the project created'
12-19 01:42 parse        DEBUG    format u'I edit the project' -> u'I edit the project'
12-19 01:42 parse        DEBUG    format u'Prject should be update' -> u'Prject should be update'
12-19 01:42 root         INFO     This is a test
12-19 08:43 parse        DEBUG    format u'I have pushed my card in the slot' -> u'I have pushed my card in the slot'
12-19 08:43 parse        DEBUG    format u'I enter my PIN {pin}' -> u'I enter my PIN (?P<pin>.+?)'
12-19 08:43 parse        DEBUG    format u'I press "OK"' -> u'I press "OK"'
12-19 08:43 parse        DEBUG    format u'I should see the main menu' -> u'I should see the main menu'
12-19 08:43 parse        DEBUG    format u'I have authenticate with correct pin {}' -> u'I have authenticate with correct pin (.+?)'
12-19 08:43 parse        DEBUG    format u'I fill the data users' -> u'I fill the data users'
12-19 08:43 parse        DEBUG    format u'I enter create user' -> u'I enter create user'
12-19 08:43 parse        DEBUG    format u'The user created' -> u'The user created'
12-19 08:46 parse        DEBUG    format u'I create a project' -> u'I create a project'
12-19 08:46 parse        DEBUG    format u'I verify project creation status is 200' -> u'I verify project creation status is 200'
12-19 08:46 parse        DEBUG    format u'I verify project schema' -> u'I verify project schema'
12-19 08:48 parse        DEBUG    format u'I create a project' -> u'I create a project'
12-19 08:48 parse        DEBUG    format u'I verify project creation status is 200' -> u'I verify project creation status is 200'
12-19 08:48 parse        DEBUG    format u'I verify project schema' -> u'I verify project schema'
12-19 08:50 parse        DEBUG    format u'I create a project' -> u'I create a project'
12-19 08:50 parse        DEBUG    format u'I verify project creation status is 200' -> u'I verify project creation status is 200'
12-19 08:50 parse        DEBUG    format u'I verify project schema' -> u'I verify project schema'
12-19 08:50 root         INFO     RequestHandler:: POST  https://www.pivotaltracker.com/services/v5//projects, {"name": "New Project"}, {'Accept-Encoding': 'gzip, deflate', 'Accept': '*/*', 'User-Agent': 'python-requests/2.21.0', 'Connection': 'keep-alive', 'X-TrackerToken': '51eef4a73710a556f27a3dc13866884b', 'Content-Type': 'application/json'}
12-19 08:50 root         INFO     RequestHandler:: POST RESPONSE:: 200, {u'version': 1, u'velocity_averaged_over': 3, u'updated_at': u'2018-12-19T12:50:04Z', u'iteration_length': 1, u'project_type': u'private', u'enable_tasks': True, u'id': 2233322, u'week_start_day': u'Monday', u'point_scale_is_custom': False, u'atom_enabled': False, u'public': False, u'account_id': 1014681, u'bugs_and_chores_are_estimatable': False, u'automatic_planning': True, u'start_time': u'2018-12-17T08:00:00Z', u'enable_following': True, u'initial_velocity': 10, u'number_of_done_iterations_to_show': 4, u'kind': u'project', u'name': u'New Project', u'enable_incoming_emails': True, u'current_iteration_number': 1, u'point_scale': u'0,1,2,3', u'time_zone': {u'olson_name': u'America/Los_Angeles', u'kind': u'time_zone', u'offset': u'-08:00'}, u'has_google_domain': False, u'created_at': u'2018-12-19T12:50:04Z'}
12-19 08:53 parse        DEBUG    format u'I create a project' -> u'I create a project'
12-19 08:53 parse        DEBUG    format u'I verify project creation status is {status_code}' -> u'I verify project creation status is (?P<status_code>.+?)'
12-19 08:53 parse        DEBUG    format u'I verify project schema' -> u'I verify project schema'
12-19 08:53 root         INFO     RequestHandler:: POST  https://www.pivotaltracker.com/services/v5//projects, {"name": "New Project1"}, {'Accept-Encoding': 'gzip, deflate', 'Accept': '*/*', 'User-Agent': 'python-requests/2.21.0', 'Connection': 'keep-alive', 'X-TrackerToken': '51eef4a73710a556f27a3dc13866884b', 'Content-Type': 'application/json'}
12-19 08:53 root         INFO     RequestHandler:: POST RESPONSE:: 200, {u'version': 1, u'velocity_averaged_over': 3, u'updated_at': u'2018-12-19T12:53:11Z', u'iteration_length': 1, u'project_type': u'private', u'enable_tasks': True, u'id': 2233324, u'week_start_day': u'Monday', u'point_scale_is_custom': False, u'atom_enabled': False, u'public': False, u'account_id': 1014681, u'bugs_and_chores_are_estimatable': False, u'automatic_planning': True, u'start_time': u'2018-12-17T08:00:00Z', u'enable_following': True, u'initial_velocity': 10, u'number_of_done_iterations_to_show': 4, u'kind': u'project', u'name': u'New Project1', u'enable_incoming_emails': True, u'current_iteration_number': 1, u'point_scale': u'0,1,2,3', u'time_zone': {u'olson_name': u'America/Los_Angeles', u'kind': u'time_zone', u'offset': u'-08:00'}, u'has_google_domain': False, u'created_at': u'2018-12-19T12:53:11Z'}
12-19 08:55 parse        DEBUG    format u'I create a project' -> u'I create a project'
12-19 08:55 parse        DEBUG    format u'I verify project creation status is {status_code}' -> u'I verify project creation status is (?P<status_code>.+?)'
12-19 08:55 parse        DEBUG    format u'I verify project schema' -> u'I verify project schema'
12-19 08:55 root         INFO     RequestHandler:: POST  https://www.pivotaltracker.com/services/v5//projects, {"name": "New Project1"}, {'Accept-Encoding': 'gzip, deflate', 'Accept': '*/*', 'User-Agent': 'python-requests/2.21.0', 'Connection': 'keep-alive', 'X-TrackerToken': '10a341fc461eedfd9162045590884d00', 'Content-Type': 'application/json'}
12-19 08:55 root         INFO     RequestHandler:: POST RESPONSE:: 400, {u'kind': u'error', u'code': u'invalid_parameter', u'general_problem': u'The COCOBONGO account has reached its limit of 2 projects.', u'error': u'One or more request parameters was missing or invalid.'}
12-19 08:57 parse        DEBUG    format u'I create a project' -> u'I create a project'
12-19 08:57 parse        DEBUG    format u'I verify project creation status is {status_code}' -> u'I verify project creation status is (?P<status_code>.+?)'
12-19 08:57 parse        DEBUG    format u'I verify project schema' -> u'I verify project schema'
12-19 08:57 root         INFO     RequestHandler:: POST  https://www.pivotaltracker.com/services/v5//projects, {"name": "New Project12"}, {'Accept-Encoding': 'gzip, deflate', 'Accept': '*/*', 'User-Agent': 'python-requests/2.21.0', 'Connection': 'keep-alive', 'X-TrackerToken': '10a341fc461eedfd9162045590884d00', 'Content-Type': 'application/json'}
12-19 08:57 root         INFO     RequestHandler:: POST RESPONSE:: 400, {u'kind': u'error', u'code': u'invalid_parameter', u'general_problem': u'The COCOBONGO account has reached its limit of 2 projects.', u'error': u'One or more request parameters was missing or invalid.'}
12-19 08:59 parse        DEBUG    format u'I create a project' -> u'I create a project'
12-19 08:59 parse        DEBUG    format u'I verify project creation status is {status_code}' -> u'I verify project creation status is (?P<status_code>.+?)'
12-19 08:59 parse        DEBUG    format u'I verify project schema' -> u'I verify project schema'
12-19 08:59 root         INFO     RequestHandler:: POST  https://www.pivotaltracker.com/services/v5//projects, {"name": "New Project12"}, {'Accept-Encoding': 'gzip, deflate', 'Accept': '*/*', 'User-Agent': 'python-requests/2.21.0', 'Connection': 'keep-alive', 'X-TrackerToken': '10a341fc461eedfd9162045590884d00', 'Content-Type': 'application/json'}
12-19 08:59 root         INFO     RequestHandler:: POST RESPONSE:: 200, {u'version': 1, u'velocity_averaged_over': 3, u'updated_at': u'2018-12-19T12:59:46Z', u'iteration_length': 1, u'project_type': u'private', u'enable_tasks': True, u'id': 2233325, u'week_start_day': u'Monday', u'point_scale_is_custom': False, u'atom_enabled': False, u'public': False, u'account_id': 987701, u'bugs_and_chores_are_estimatable': False, u'automatic_planning': True, u'start_time': u'2018-12-17T08:00:00Z', u'enable_following': True, u'initial_velocity': 10, u'number_of_done_iterations_to_show': 4, u'kind': u'project', u'name': u'New Project12', u'enable_incoming_emails': True, u'current_iteration_number': 1, u'point_scale': u'0,1,2,3', u'time_zone': {u'olson_name': u'America/Los_Angeles', u'kind': u'time_zone', u'offset': u'-08:00'}, u'has_google_domain': False, u'created_at': u'2018-12-19T12:59:46Z'}
12-19 09:06 parse        DEBUG    format u'I create a project' -> u'I create a project'
12-19 09:06 parse        DEBUG    format u'I verify project creation status is {status_code}' -> u'I verify project creation status is (?P<status_code>.+?)'
12-19 09:06 parse        DEBUG    format u'I verify project schema' -> u'I verify project schema'
12-19 09:06 root         INFO     RequestHandler:: POST  https://www.pivotaltracker.com/services/v5//projects, {"name": "New Project12"}, {'Accept-Encoding': 'gzip, deflate', 'Accept': '*/*', 'User-Agent': 'python-requests/2.21.0', 'Connection': 'keep-alive', 'X-TrackerToken': '10a341fc461eedfd9162045590884d00', 'Content-Type': 'application/json'}
12-19 09:06 root         INFO     RequestHandler:: POST RESPONSE:: 200, {u'version': 1, u'velocity_averaged_over': 3, u'updated_at': u'2018-12-19T13:06:41Z', u'iteration_length': 1, u'project_type': u'private', u'enable_tasks': True, u'id': 2233328, u'week_start_day': u'Monday', u'point_scale_is_custom': False, u'atom_enabled': False, u'public': False, u'account_id': 987701, u'bugs_and_chores_are_estimatable': False, u'automatic_planning': True, u'start_time': u'2018-12-17T08:00:00Z', u'enable_following': True, u'initial_velocity': 10, u'number_of_done_iterations_to_show': 4, u'kind': u'project', u'name': u'New Project12', u'enable_incoming_emails': True, u'current_iteration_number': 1, u'point_scale': u'0,1,2,3', u'time_zone': {u'olson_name': u'America/Los_Angeles', u'kind': u'time_zone', u'offset': u'-08:00'}, u'has_google_domain': False, u'created_at': u'2018-12-19T13:06:41Z'}
12-19 09:07 parse        DEBUG    format u'I create a project' -> u'I create a project'
12-19 09:07 parse        DEBUG    format u'I verify project creation status is {status_code}' -> u'I verify project creation status is (?P<status_code>.+?)'
12-19 09:07 parse        DEBUG    format u'I verify project schema' -> u'I verify project schema'
12-19 09:07 root         INFO     RequestHandler:: POST  https://www.pivotaltracker.com/services/v5//projects, {"name": "New Project1"}, {'Accept-Encoding': 'gzip, deflate', 'Accept': '*/*', 'User-Agent': 'python-requests/2.21.0', 'Connection': 'keep-alive', 'X-TrackerToken': '10a341fc461eedfd9162045590884d00', 'Content-Type': 'application/json'}
12-19 09:07 root         INFO     RequestHandler:: POST RESPONSE:: 200, {u'version': 1, u'velocity_averaged_over': 3, u'updated_at': u'2018-12-19T13:07:29Z', u'iteration_length': 1, u'project_type': u'private', u'enable_tasks': True, u'id': 2233329, u'week_start_day': u'Monday', u'point_scale_is_custom': False, u'atom_enabled': False, u'public': False, u'account_id': 987701, u'bugs_and_chores_are_estimatable': False, u'automatic_planning': True, u'start_time': u'2018-12-17T08:00:00Z', u'enable_following': True, u'initial_velocity': 10, u'number_of_done_iterations_to_show': 4, u'kind': u'project', u'name': u'New Project1', u'enable_incoming_emails': True, u'current_iteration_number': 1, u'point_scale': u'0,1,2,3', u'time_zone': {u'olson_name': u'America/Los_Angeles', u'kind': u'time_zone', u'offset': u'-08:00'}, u'has_google_domain': False, u'created_at': u'2018-12-19T13:07:29Z'}
12-25 14:37 parse        DEBUG    format u'I create a project' -> u'I create a project'
12-25 14:37 parse        DEBUG    format u'I verify project creation status is {status_code}' -> u'I verify project creation status is (?P<status_code>.+?)'
12-25 14:37 parse        DEBUG    format u'I verify project schema' -> u'I verify project schema'
12-25 14:37 root         INFO     

12-25 14:37 root         INFO     Feature: showing off behave                      # \features\project.feature:1

12-25 14:37 root         INFO     

12-25 14:37 root         INFO       Scenario: Create new project                   # \features\project.feature:3

12-25 14:37 root         INFO     [A    Given I create a project                     # \features\project.feature:4

12-25 14:37 root         INFO     [A    Then I verify project creation status is 200 # \features\project.feature:6

12-25 14:37 root         INFO     [A    And I verify project schema                  # \features\project.feature:7

12-25 14:37 root         INFO     

12-25 14:37 root         INFO     1 feature (0 passed)

12-25 14:37 root         INFO     1 scenario (0 passed)

12-25 14:37 root         INFO     3 steps (0 passed)

12-25 14:39 parse        DEBUG    format u'I create a project' -> u'I create a project'
12-25 14:39 parse        DEBUG    format u'I verify project creation status is {status_code}' -> u'I verify project creation status is (?P<status_code>.+?)'
12-25 14:39 parse        DEBUG    format u'I verify project schema' -> u'I verify project schema'
12-25 14:39 root         INFO     

12-25 14:39 root         INFO     Feature: showing off behave                      # \features\project.feature:1

12-25 14:39 root         INFO     

12-25 14:39 root         INFO       Scenario: Create new project                   # \features\project.feature:3

12-25 14:39 root         INFO     [A    Given I create a project                     # \features\project.feature:4

12-25 14:39 root         INFO     [A    Then I verify project creation status is 200 # \features\project.feature:6

12-25 14:39 root         INFO     [A    And I verify project schema                  # \features\project.feature:7

12-25 14:39 root         INFO     

12-25 14:39 root         INFO     1 feature (0 passed)

12-25 14:39 root         INFO     1 scenario (0 passed)

12-25 14:39 root         INFO     3 steps (0 passed)

12-29 17:58 parse        DEBUG    format u'I create a project' -> u'I create a project'
12-29 17:58 parse        DEBUG    format u'I verify project creation status is {status_code}' -> u'I verify project creation status is (?P<status_code>.+?)'
12-29 17:58 parse        DEBUG    format u'I verify project schema' -> u'I verify project schema'
12-29 17:58 root         INFO     

12-29 17:58 root         INFO     Feature: showing off behave                      # \features\project.feature:1

12-29 17:58 root         INFO     

12-29 17:58 root         INFO       Scenario: Create new project                   # \features\project.feature:3

12-29 17:58 root         INFO     [A    Given I create a project                     # \features\project.feature:4

12-29 17:58 root         INFO     [A    Then I verify project creation status is 200 # \features\project.feature:6

12-29 17:58 root         INFO     [A    And I verify project schema                  # \features\project.feature:7

12-29 17:58 root         INFO     

12-29 17:58 root         INFO     1 feature (0 passed)

12-29 17:58 root         INFO     1 scenario (0 passed)

12-29 17:58 root         INFO     3 steps (0 passed)

12-30 07:46 parse        DEBUG    format u'I create a project' -> u'I create a project'
12-30 07:46 parse        DEBUG    format u'I verify project creation status is {status_code}' -> u'I verify project creation status is (?P<status_code>.+?)'
12-30 07:46 parse        DEBUG    format u'I verify project schema' -> u'I verify project schema'
12-30 07:46 root         INFO     

12-30 07:46 root         INFO     Feature: showing off behave                      # \features\project.feature:1

12-30 07:46 root         INFO     

12-30 07:46 root         INFO       Scenario: Create new project                   # \features\project.feature:3

12-30 07:46 root         INFO     [A    Given I create a project                     # \features\project.feature:4

12-30 07:46 root         INFO     [A    Then I verify project creation status is 200 # \features\project.feature:6

12-30 07:46 root         INFO     [A    And I verify project schema                  # \features\project.feature:7

12-30 07:46 root         INFO     

12-30 07:46 root         INFO     1 feature (0 passed)

12-30 07:46 root         INFO     1 scenario (0 passed)

12-30 07:46 root         INFO     3 steps (0 passed)

12-30 08:14 parse        DEBUG    format u'I create a project' -> u'I create a project'
12-30 08:14 parse        DEBUG    format u'I verify project creation status is {status_code}' -> u'I verify project creation status is (?P<status_code>.+?)'
12-30 08:14 parse        DEBUG    format u'I verify project schema' -> u'I verify project schema'
12-30 08:14 root         INFO     

12-30 08:14 root         INFO     Feature: showing off behave                      # \features\project.feature:1

12-30 08:14 root         INFO     

12-30 08:14 root         INFO       Scenario: Create new project                   # \features\project.feature:3

12-30 08:14 root         INFO     [A    Given I create a project                     # \features\project.feature:4

12-30 08:14 root         INFO     [A    Then I verify project creation status is 200 # \features\project.feature:6

12-30 08:14 root         INFO     [A    And I verify project schema                  # \features\project.feature:7

12-30 08:14 root         INFO     

12-30 08:14 root         INFO     1 feature (0 passed)

12-30 08:14 root         INFO     1 scenario (0 passed)

12-30 08:14 root         INFO     3 steps (0 passed)

01-06 19:07 parse        DEBUG    format u'I create a project' -> u'I create a project'
01-06 19:07 parse        DEBUG    format u'I verify project creation status is {status_code}' -> u'I verify project creation status is (?P<status_code>.+?)'
01-06 19:07 parse        DEBUG    format u'I verify project schema' -> u'I verify project schema'
01-06 19:07 root         INFO     

01-06 19:07 root         INFO     Feature: showing off behave                      # \features\project.feature:1

01-06 19:07 root         INFO     

01-06 19:07 root         INFO       Scenario: Create new account                   # \features\project.feature:3

01-06 19:07 root         INFO     [A    Given I create an account                    # \features\project.feature:4

01-06 19:07 root         INFO     [A    Then I verify account creation status is 200 # \features\project.feature:6

01-06 19:07 root         INFO     [A    And I verify account schema                  # \features\project.feature:7

01-06 19:07 root         INFO     

01-06 19:07 root         INFO     1 feature (0 passed)

01-06 19:07 root         INFO     1 scenario (0 passed)

01-06 19:07 root         INFO     3 steps (0 passed)

01-06 19:09 parse        DEBUG    format u'I create a project' -> u'I create a project'
01-06 19:09 parse        DEBUG    format u'I verify project creation status is {status_code}' -> u'I verify project creation status is (?P<status_code>.+?)'
01-06 19:09 parse        DEBUG    format u'I verify project schema' -> u'I verify project schema'
01-06 19:09 root         INFO     

01-06 19:09 root         INFO     Feature: showing off behave                      # \features\project.feature:1

01-06 19:09 root         INFO     

01-06 19:09 root         INFO       Scenario: Create new account                   # \features\project.feature:3

01-06 19:09 root         INFO     [A    Given I create an account                    # \features\project.feature:4

01-06 19:09 root         INFO     [A    Then I verify account creation status is 200 # \features\project.feature:6

01-06 19:09 root         INFO     [A    And I verify account schema                  # \features\project.feature:7

01-06 19:09 root         INFO     

01-06 19:09 root         INFO     1 feature (0 passed)

01-06 19:09 root         INFO     1 scenario (0 passed)

01-06 19:09 root         INFO     3 steps (0 passed)

01-06 20:40 parse        DEBUG    format u'I create an account' -> u'I create an account'
01-06 20:40 parse        DEBUG    format u'I verify account creation status is {status_code}' -> u'I verify account creation status is (?P<status_code>.+?)'
01-06 20:40 parse        DEBUG    format u'I verify account schema' -> u'I verify account schema'
01-06 20:40 root         INFO     

01-06 20:40 root         INFO     Feature: showing off behave                      # \features\account.feature:1

01-06 20:40 root         INFO     

01-06 20:40 root         INFO       Scenario: Create new account                   # \features\account.feature:3

01-06 20:40 root         INFO     [A    Given I create an account                    # \features\account.feature:4

01-06 20:40 root         INFO     [A    Then I verify account creation status is 200 # \features\account.feature:6

01-06 20:40 root         INFO     [A    And I verify account schema                  # \features\account.feature:7

01-06 20:40 root         INFO     

01-06 20:40 root         INFO     1 feature (0 passed)

01-06 20:40 root         INFO     1 scenario (0 passed)

01-06 20:40 root         INFO     3 steps (0 passed)

01-09 08:52 parse        DEBUG    format u'I create a workspaces' -> u'I create a workspaces'
01-09 08:52 parse        DEBUG    format u'I verify workspaces creation status is {status_code}' -> u'I verify workspaces creation status is (?P<status_code>.+?)'
01-09 08:52 parse        DEBUG    format u'I verify workspaces schema' -> u'I verify workspaces schema'
01-09 08:53 parse        DEBUG    format u'I create a workspaces' -> u'I create a workspaces'
01-09 08:53 parse        DEBUG    format u'I verify workspaces creation status is {status_code}' -> u'I verify workspaces creation status is (?P<status_code>.+?)'
01-09 08:53 parse        DEBUG    format u'I verify workspaces schema' -> u'I verify workspaces schema'
01-09 08:56 parse        DEBUG    format u'I create a workspaces' -> u'I create a workspaces'
01-09 08:56 parse        DEBUG    format u'I verify workspaces creation status is {status_code}' -> u'I verify workspaces creation status is (?P<status_code>.+?)'
01-09 08:56 parse        DEBUG    format u'I verify workspaces schema' -> u'I verify workspaces schema'
01-09 08:57 parse        DEBUG    format u'I create a workspaces' -> u'I create a workspaces'
01-09 08:57 parse        DEBUG    format u'I verify workspaces creation status is {status_code}' -> u'I verify workspaces creation status is (?P<status_code>.+?)'
01-09 08:57 parse        DEBUG    format u'I verify workspaces schema' -> u'I verify workspaces schema'
01-09 08:57 root         INFO     RequestHandler:: POST  https://www.pivotaltracker.com/services/v5//accounts, {"name": "WorkspaceVZ"}, {'Accept-Encoding': 'gzip, deflate', 'Accept': '*/*', 'User-Agent': 'python-requests/2.20.1', 'Connection': 'keep-alive', 'X-TrackerToken': 'eca773db1a05aa626fea42c73f6384d2', 'Content-Type': 'application/json'}
01-09 08:57 root         INFO     RequestHandler:: POST RESPONSE:: 404, {u'kind': u'error', u'code': u'route_not_found', u'error': u'The path you requested has no valid endpoint.'}
01-09 08:58 parse        DEBUG    format u'I create a workspaces' -> u'I create a workspaces'
01-09 08:58 parse        DEBUG    format u'I verify workspaces creation status is {status_code}' -> u'I verify workspaces creation status is (?P<status_code>.+?)'
01-09 08:58 parse        DEBUG    format u'I verify workspaces schema' -> u'I verify workspaces schema'
01-09 09:00 parse        DEBUG    format u'I create a workspaces' -> u'I create a workspaces'
01-09 09:00 parse        DEBUG    format u'I verify workspaces schema' -> u'I verify workspaces schema'
01-09 09:04 parse        DEBUG    format u'I create a workspaces' -> u'I create a workspaces'
01-09 09:04 parse        DEBUG    format u'I verify workspaces creation status is {status_code}' -> u'I verify workspaces creation status is (?P<status_code>.+?)'
01-09 09:04 parse        DEBUG    format u'I verify workspaces schema' -> u'I verify workspaces schema'
01-09 09:04 root         INFO     RequestHandler:: POST  https://www.pivotaltracker.com/services/v5//workspaces, {"name": "WorkspaceVZ"}, {'Accept-Encoding': 'gzip, deflate', 'Accept': '*/*', 'User-Agent': 'python-requests/2.20.1', 'Connection': 'keep-alive', 'X-TrackerToken': 'eca773db1a05aa626fea42c73f6384d2', 'Content-Type': 'application/json'}
01-09 09:04 root         INFO     RequestHandler:: POST RESPONSE:: 404, {u'kind': u'error', u'code': u'route_not_found', u'error': u'The path you requested has no valid endpoint.'}
01-09 09:06 parse        DEBUG    format u'I create a workspaces' -> u'I create a workspaces'
01-09 09:06 parse        DEBUG    format u'I verify workspaces creation status is {status_code}' -> u'I verify workspaces creation status is (?P<status_code>.+?)'
01-09 09:06 parse        DEBUG    format u'I verify workspaces schema' -> u'I verify workspaces schema'
01-09 09:06 root         INFO     RequestHandler:: POST  https://www.pivotaltracker.com/services/v5/my/workspaces/workspaces, {"name": "WorkspaceVZ"}, {'Accept-Encoding': 'gzip, deflate', 'Accept': '*/*', 'User-Agent': 'python-requests/2.20.1', 'Connection': 'keep-alive', 'X-TrackerToken': 'eca773db1a05aa626fea42c73f6384d2', 'Content-Type': 'application/json'}
01-09 09:06 root         INFO     RequestHandler:: POST RESPONSE:: 404, {u'kind': u'error', u'code': u'route_not_found', u'error': u'The path you requested has no valid endpoint.'}
01-09 09:08 parse        DEBUG    format u'I create a workspaces' -> u'I create a workspaces'
01-09 09:08 parse        DEBUG    format u'I verify workspaces creation status is {status_code}' -> u'I verify workspaces creation status is (?P<status_code>.+?)'
01-09 09:08 parse        DEBUG    format u'I verify workspaces schema' -> u'I verify workspaces schema'
01-09 09:08 root         INFO     RequestHandler:: POST  https://www.pivotaltracker.com/services/v5/my/workspacesworkspaces, {"name": "WorkspaceVZ"}, {'Accept-Encoding': 'gzip, deflate', 'Accept': '*/*', 'User-Agent': 'python-requests/2.20.1', 'Connection': 'keep-alive', 'X-TrackerToken': 'eca773db1a05aa626fea42c73f6384d2', 'Content-Type': 'application/json'}
01-09 09:08 root         INFO     RequestHandler:: POST RESPONSE:: 404, {u'kind': u'error', u'code': u'route_not_found', u'error': u'The path you requested has no valid endpoint.'}
01-09 09:08 parse        DEBUG    format u'I create a workspaces' -> u'I create a workspaces'
01-09 09:08 parse        DEBUG    format u'I verify workspaces creation status is {status_code}' -> u'I verify workspaces creation status is (?P<status_code>.+?)'
01-09 09:08 parse        DEBUG    format u'I verify workspaces schema' -> u'I verify workspaces schema'
01-09 09:08 root         INFO     RequestHandler:: POST  https://www.pivotaltracker.com/services/v5/my/workspaces/workspaces, {"name": "WorkspaceVZ"}, {'Accept-Encoding': 'gzip, deflate', 'Accept': '*/*', 'User-Agent': 'python-requests/2.20.1', 'Connection': 'keep-alive', 'X-TrackerToken': 'eca773db1a05aa626fea42c73f6384d2', 'Content-Type': 'application/json'}
01-09 09:09 root         INFO     RequestHandler:: POST RESPONSE:: 404, {u'kind': u'error', u'code': u'route_not_found', u'error': u'The path you requested has no valid endpoint.'}
01-09 09:11 parse        DEBUG    format u'I create a workspaces' -> u'I create a workspaces'
01-09 09:11 parse        DEBUG    format u'I verify workspaces creation status is {status_code}' -> u'I verify workspaces creation status is (?P<status_code>.+?)'
01-09 09:11 parse        DEBUG    format u'I verify workspaces schema' -> u'I verify workspaces schema'
01-09 09:11 root         INFO     RequestHandler:: POST  https://www.pivotaltracker.com/services/v5/my/workspaces, {"name": "WorkspaceVZ"}, {'Accept-Encoding': 'gzip, deflate', 'Accept': '*/*', 'User-Agent': 'python-requests/2.20.1', 'Connection': 'keep-alive', 'X-TrackerToken': 'eca773db1a05aa626fea42c73f6384d2', 'Content-Type': 'application/json'}
01-09 09:11 root         INFO     RequestHandler:: POST RESPONSE:: 200, {u'person_id': 3128917, u'kind': u'workspace', u'project_ids': [], u'id': 722856, u'name': u'WorkspaceVZ'}
01-09 09:13 parse        DEBUG    format u'I create a workspaces' -> u'I create a workspaces'
01-09 09:13 parse        DEBUG    format u'I verify workspaces creation status is {status_code}' -> u'I verify workspaces creation status is (?P<status_code>.+?)'
01-09 09:13 parse        DEBUG    format u'I verify workspaces schema' -> u'I verify workspaces schema'
01-09 09:13 root         INFO     RequestHandler:: POST  https://www.pivotaltracker.com/services/v5/my/workspaces/workspaces, {"name": "WorkspaceVZ"}, {'Accept-Encoding': 'gzip, deflate', 'Accept': '*/*', 'User-Agent': 'python-requests/2.20.1', 'Connection': 'keep-alive', 'X-TrackerToken': 'eca773db1a05aa626fea42c73f6384d2', 'Content-Type': 'application/json'}
01-09 09:13 root         INFO     RequestHandler:: POST RESPONSE:: 404, {u'kind': u'error', u'code': u'route_not_found', u'error': u'The path you requested has no valid endpoint.'}
01-09 09:14 parse        DEBUG    format u'I create a workspaces' -> u'I create a workspaces'
01-09 09:14 parse        DEBUG    format u'I verify workspaces creation status is {status_code}' -> u'I verify workspaces creation status is (?P<status_code>.+?)'
01-09 09:14 parse        DEBUG    format u'I verify workspaces schema' -> u'I verify workspaces schema'
01-09 09:15 parse        DEBUG    format u'I create workspaces' -> u'I create workspaces'
01-09 09:15 parse        DEBUG    format u'I verify workspaces creation status is {status_code}' -> u'I verify workspaces creation status is (?P<status_code>.+?)'
01-09 09:15 parse        DEBUG    format u'I verify workspaces schema' -> u'I verify workspaces schema'
01-09 09:15 root         INFO     RequestHandler:: POST  https://www.pivotaltracker.com/services/v5/my/workspaces/workspaces, {"name": "WorkspaceVZ"}, {'Accept-Encoding': 'gzip, deflate', 'Accept': '*/*', 'User-Agent': 'python-requests/2.20.1', 'Connection': 'keep-alive', 'X-TrackerToken': 'eca773db1a05aa626fea42c73f6384d2', 'Content-Type': 'application/json'}
01-09 09:15 root         INFO     RequestHandler:: POST RESPONSE:: 404, {u'kind': u'error', u'code': u'route_not_found', u'error': u'The path you requested has no valid endpoint.'}
01-09 09:17 parse        DEBUG    format u'I create workspaces' -> u'I create workspaces'
01-09 09:17 parse        DEBUG    format u'I verify workspaces creation status is {status_code}' -> u'I verify workspaces creation status is (?P<status_code>.+?)'
01-09 09:17 parse        DEBUG    format u'I verify workspaces schema' -> u'I verify workspaces schema'
01-09 09:17 root         INFO     RequestHandler:: POST  https://www.pivotaltracker.com/services/v5/my/workspaces/workspaces, {"name": "Workspace2"}, {'Accept-Encoding': 'gzip, deflate', 'Accept': '*/*', 'User-Agent': 'python-requests/2.20.1', 'Connection': 'keep-alive', 'X-TrackerToken': 'eca773db1a05aa626fea42c73f6384d2', 'Content-Type': 'application/json'}
01-09 09:17 root         INFO     RequestHandler:: POST RESPONSE:: 404, {u'kind': u'error', u'code': u'route_not_found', u'error': u'The path you requested has no valid endpoint.'}
01-09 09:23 parse        DEBUG    format u'I create workspaces' -> u'I create workspaces'
01-09 09:23 parse        DEBUG    format u'I verify workspaces schema' -> u'I verify workspaces schema'
01-09 09:23 root         INFO     RequestHandler:: POST  https://www.pivotaltracker.com/services/v5/my/workspaces/workspaces, {"name": "Workspace2"}, {'Accept-Encoding': 'gzip, deflate', 'Accept': '*/*', 'User-Agent': 'python-requests/2.20.1', 'Connection': 'keep-alive', 'X-TrackerToken': 'eca773db1a05aa626fea42c73f6384d2', 'Content-Type': 'application/json'}
01-09 09:23 root         INFO     RequestHandler:: POST RESPONSE:: 404, {u'kind': u'error', u'code': u'route_not_found', u'error': u'The path you requested has no valid endpoint.'}
01-09 09:25 parse        DEBUG    format u'I create workspaces' -> u'I create workspaces'
01-09 09:25 parse        DEBUG    format u'I verify workspaces schema' -> u'I verify workspaces schema'
01-09 09:25 root         INFO     RequestHandler:: POST  https://www.pivotaltracker.com/services/v5/my/workspaces/workspaces, {"name": "Workspace2"}, {'Accept-Encoding': 'gzip, deflate', 'Accept': '*/*', 'User-Agent': 'python-requests/2.20.1', 'Connection': 'keep-alive', 'X-TrackerToken': 'eca773db1a05aa626fea42c73f6384d2', 'Content-Type': 'application/json'}
01-09 09:25 root         INFO     RequestHandler:: POST RESPONSE:: 404, {u'kind': u'error', u'code': u'route_not_found', u'error': u'The path you requested has no valid endpoint.'}
01-09 09:31 parse        DEBUG    format u'I create workspaces' -> u'I create workspaces'
01-09 09:31 parse        DEBUG    format u'I verify workspaces schema' -> u'I verify workspaces schema'
01-09 09:31 root         INFO     RequestHandler:: POST  https://www.pivotaltracker.com/services/v5/my/workspaces, {"name": "Workspace2"}, {'Accept-Encoding': 'gzip, deflate', 'Accept': '*/*', 'User-Agent': 'python-requests/2.20.1', 'Connection': 'keep-alive', 'X-TrackerToken': 'eca773db1a05aa626fea42c73f6384d2', 'Content-Type': 'application/json'}
01-09 09:31 root         INFO     RequestHandler:: POST RESPONSE:: 200, {u'person_id': 3128917, u'kind': u'workspace', u'project_ids': [], u'id': 722867, u'name': u'Workspace2'}
01-09 09:33 parse        DEBUG    format u'I create workspaces' -> u'I create workspaces'
01-09 09:33 parse        DEBUG    format u'I verify workspaces schema' -> u'I verify workspaces schema'
01-09 09:33 root         INFO     RequestHandler:: POST  https://www.pivotaltracker.com/services/v5/my/workspaces, {"name": "Workspace3"}, {'Accept-Encoding': 'gzip, deflate', 'Accept': '*/*', 'User-Agent': 'python-requests/2.20.1', 'Connection': 'keep-alive', 'X-TrackerToken': 'eca773db1a05aa626fea42c73f6384d2', 'Content-Type': 'application/json'}
01-09 09:33 root         INFO     RequestHandler:: POST RESPONSE:: 200, {u'person_id': 3128917, u'kind': u'workspace', u'project_ids': [], u'id': 722868, u'name': u'Workspace3'}
01-09 09:36 parse        DEBUG    format u'I create workspaces' -> u'I create workspaces'
01-09 09:36 parse        DEBUG    format u'I verify workspaces schema' -> u'I verify workspaces schema'
01-09 09:36 root         INFO     RequestHandler:: POST  https://www.pivotaltracker.com/services/v5/my/workspaces, {"name": "Workspace3"}, {'Accept-Encoding': 'gzip, deflate', 'Accept': '*/*', 'User-Agent': 'python-requests/2.20.1', 'Connection': 'keep-alive', 'X-TrackerToken': 'eca773db1a05aa626fea42c73f6384d2', 'Content-Type': 'application/json'}
01-09 09:36 root         INFO     RequestHandler:: POST RESPONSE:: 400, {u'kind': u'error', u'code': u'invalid_parameter', u'general_problem': u'The workspace name you entered is already taken.', u'error': u'One or more request parameters was missing or invalid.'}
